{"$message_type":"diagnostic","message":"no function or associated item named `generate` found for struct `SigningKey` in the current scope","code":{"code":"E0599","explanation":"This error occurs when a method is used on a type which doesn't implement it:\n\nErroneous code example:\n\n```compile_fail,E0599\nstruct Mouth;\n\nlet x = Mouth;\nx.chocolate(); // error: no method named `chocolate` found for type `Mouth`\n               //        in the current scope\n```\n\nIn this case, you need to implement the `chocolate` method to fix the error:\n\n```\nstruct Mouth;\n\nimpl Mouth {\n    fn chocolate(&self) { // We implement the `chocolate` method here.\n        println!(\"Hmmm! I love chocolate!\");\n    }\n}\n\nlet x = Mouth;\nx.chocolate(); // ok!\n```\n"},"level":"error","spans":[{"file_name":"examples/roundtrip.rs","byte_start":370,"byte_end":378,"line_start":10,"line_end":10,"column_start":26,"column_end":34,"is_primary":true,"text":[{"text":"    let sk = SigningKey::generate(&mut rng);","highlight_start":26,"highlight_end":34}],"label":"function or associated item not found in `SigningKey`","suggested_replacement":null,"suggestion_applicability":null,"expansion":null}],"children":[{"message":"if you're trying to build a new `SigningKey` consider using one of the following associated functions:\nSigningKey::from_bytes\nSigningKey::from_keypair_bytes","code":null,"level":"note","spans":[{"file_name":"/Users/ubl-ops/.cargo/registry/src/index.crates.io-1949cf8c6b5b557f/ed25519-dalek-2.2.0/src/signing.rs","byte_start":2855,"byte_end":2904,"line_start":104,"line_end":104,"column_start":5,"column_end":54,"is_primary":true,"text":[{"text":"    pub fn from_bytes(secret_key: &SecretKey) -> Self {","highlight_start":5,"highlight_end":54}],"label":null,"suggested_replacement":null,"suggestion_applicability":null,"expansion":null},{"file_name":"/Users/ubl-ops/.cargo/registry/src/index.crates.io-1949cf8c6b5b557f/ed25519-dalek-2.2.0/src/signing.rs","byte_start":3969,"byte_end":4050,"line_start":138,"line_end":138,"column_start":5,"column_end":86,"is_primary":true,"text":[{"text":"    pub fn from_keypair_bytes(bytes: &[u8; 64]) -> Result<SigningKey, SignatureError> {","highlight_start":5,"highlight_end":86}],"label":null,"suggested_replacement":null,"suggestion_applicability":null,"expansion":null}],"children":[],"rendered":null}],"rendered":"\u001b[1m\u001b[91merror[E0599]\u001b[0m\u001b[1m: no function or associated item named `generate` found for struct `SigningKey` in the current scope\u001b[0m\n   \u001b[1m\u001b[94m--> \u001b[0mexamples/roundtrip.rs:10:26\n    \u001b[1m\u001b[94m|\u001b[0m\n \u001b[1m\u001b[94m10\u001b[0m \u001b[1m\u001b[94m|\u001b[0m     let sk = SigningKey::generate(&mut rng);\n    \u001b[1m\u001b[94m|\u001b[0m                          \u001b[1m\u001b[91m^^^^^^^^\u001b[0m \u001b[1m\u001b[91mfunction or associated item not found in `SigningKey`\u001b[0m\n    \u001b[1m\u001b[94m|\u001b[0m\n\u001b[1m\u001b[92mnote\u001b[0m: if you're trying to build a new `SigningKey` consider using one of the following associated functions:\n      SigningKey::from_bytes\n      SigningKey::from_keypair_bytes\n   \u001b[1m\u001b[94m--> \u001b[0m/Users/ubl-ops/.cargo/registry/src/index.crates.io-1949cf8c6b5b557f/ed25519-dalek-2.2.0/src/signing.rs:104:5\n    \u001b[1m\u001b[94m|\u001b[0m\n\u001b[1m\u001b[94m104\u001b[0m \u001b[1m\u001b[94m|\u001b[0m     pub fn from_bytes(secret_key: &SecretKey) -> Self {\n    \u001b[1m\u001b[94m|\u001b[0m     \u001b[1m\u001b[92m^^^^^^^^^^^^^^^^^^^^^^^^^^^^^^^^^^^^^^^^^^^^^^^^^\u001b[0m\n\u001b[1m\u001b[94m...\u001b[0m\n\u001b[1m\u001b[94m138\u001b[0m \u001b[1m\u001b[94m|\u001b[0m     pub fn from_keypair_bytes(bytes: &[u8; 64]) -> Result<SigningKey, SignatureError> {\n    \u001b[1m\u001b[94m|\u001b[0m     \u001b[1m\u001b[92m^^^^^^^^^^^^^^^^^^^^^^^^^^^^^^^^^^^^^^^^^^^^^^^^^^^^^^^^^^^^^^^^^^^^^^^^^^^^^^^^^\u001b[0m\n\n"}
{"$message_type":"diagnostic","message":"failed to resolve: use of unresolved module or unlinked crate `anyhow`","code":{"code":"E0433","explanation":"An undeclared crate, module, or type was used.\n\nErroneous code example:\n\n```compile_fail,E0433\nlet map = HashMap::new();\n// error: failed to resolve: use of undeclared type `HashMap`\n```\n\nPlease verify you didn't misspell the type/module's name or that you didn't\nforget to import it:\n\n```\nuse std::collections::HashMap; // HashMap has been imported.\nlet map: HashMap<u32, u32> = HashMap::new(); // So it can be used!\n```\n\nIf you've expected to use a crate name:\n\n```compile_fail\nuse ferris_wheel::BigO;\n// error: failed to resolve: use of undeclared module or unlinked crate\n```\n\nMake sure the crate has been added as a dependency in `Cargo.toml`.\n\nTo use a module from your current crate, add the `crate::` prefix to the path.\n"},"level":"error","spans":[{"file_name":"examples/roundtrip.rs","byte_start":280,"byte_end":286,"line_start":8,"line_end":8,"column_start":14,"column_end":20,"is_primary":true,"text":[{"text":"fn main() -> anyhow::Result<()> {","highlight_start":14,"highlight_end":20}],"label":"use of unresolved module or unlinked crate `anyhow`","suggested_replacement":null,"suggestion_applicability":null,"expansion":null}],"children":[{"message":"if you wanted to use a crate named `anyhow`, use `cargo add anyhow` to add it to your `Cargo.toml`","code":null,"level":"help","spans":[],"children":[],"rendered":null}],"rendered":"\u001b[1m\u001b[91merror[E0433]\u001b[0m\u001b[1m: failed to resolve: use of unresolved module or unlinked crate `anyhow`\u001b[0m\n \u001b[1m\u001b[94m--> \u001b[0mexamples/roundtrip.rs:8:14\n  \u001b[1m\u001b[94m|\u001b[0m\n\u001b[1m\u001b[94m8\u001b[0m \u001b[1m\u001b[94m|\u001b[0m fn main() -> anyhow::Result<()> {\n  \u001b[1m\u001b[94m|\u001b[0m              \u001b[1m\u001b[91m^^^^^^\u001b[0m \u001b[1m\u001b[91muse of unresolved module or unlinked crate `anyhow`\u001b[0m\n  \u001b[1m\u001b[94m|\u001b[0m\n  \u001b[1m\u001b[94m= \u001b[0m\u001b[1mhelp\u001b[0m: if you wanted to use a crate named `anyhow`, use `cargo add anyhow` to add it to your `Cargo.toml`\n\n"}
{"$message_type":"diagnostic","message":"aborting due to 2 previous errors","code":null,"level":"error","spans":[],"children":[],"rendered":"\u001b[1m\u001b[91merror\u001b[0m\u001b[1m: aborting due to 2 previous errors\u001b[0m\n\n"}
{"$message_type":"diagnostic","message":"Some errors have detailed explanations: E0433, E0599.","code":null,"level":"failure-note","spans":[],"children":[],"rendered":"\u001b[1mSome errors have detailed explanations: E0433, E0599.\u001b[0m\n"}
{"$message_type":"diagnostic","message":"For more information about an error, try `rustc --explain E0433`.","code":null,"level":"failure-note","spans":[],"children":[],"rendered":"\u001b[1mFor more information about an error, try `rustc --explain E0433`.\u001b[0m\n"}
